<?xml version="1.0" encoding="UTF-8"?>
<!-- Generated by org.testng.reporters.JUnitXMLReporter -->
<testsuite hostname="Archis-PC" ignored="0" name="Unit Level Test" tests="11" failures="0" timestamp="10 мар 2018 21:26:37 GMT" time="0.773" errors="0">
  <testcase name="readerTest" time="0.43" classname="by.kurlovich.textparser.reader.XMLReaderTest"/>
  <testcase name="interpreterTest" time="0.004" classname="by.kurlovich.textparser.interpreter.ClientTest"/>
  <testcase name="paragraphTest" time="0.009" classname="by.kurlovich.textparser.parser.ParagraphParserTest"/>
  <testcase name="paragraphTest" time="0.001" classname="by.kurlovich.textparser.parser.SentenceParserTest"/>
  <testcase name="paragraphTest" time="0.011" classname="by.kurlovich.textparser.parser.LexemeParserTest"/>
  <testcase name="paragraphTest" time="0.002" classname="by.kurlovich.textparser.parser.EntityParserTest"/>
  <testcase name="insertorTest" time="0.0" classname="by.kurlovich.textparser.parser.SpaceInsertorTest"/>
  <testcase name="algoritmTest" time="0.001" classname="by.kurlovich.textparser.polska.PolishAlgoritmTest"/>
  <testcase name="charCountSortTest" time="0.001" classname="by.kurlovich.textparser.sort.SortByCharCountTest"/>
  <testcase name="SortSentencesByLexemeLengthTest" time="0.001" classname="by.kurlovich.textparser.sort.SortByLexemeLengthTest"/>
  <testcase name="SortParagraphBySentenceCountTest" time="0.0" classname="by.kurlovich.textparser.sort.SortBySentenceCountTest"/>
</testsuite> <!-- Unit Level Test -->
